<?xml version="1.0" encoding="UTF-8"?>
<!-- Generated by org.testng.reporters.JUnitXMLReporter -->
<testsuite hostname="cristi" ignored="2" name="FirstNGClassFacebook" tests="5" failures="0" timestamp="16 Feb 2019 14:13:58 GMT" time="12.054" errors="0">
  <testcase name="enterFirstAndLastName" time="0.825" classname="MyPackage.MyFirstTestNGClass"/>
  <testcase name="enterFirstAndLastName" time="0.494" classname="MyPackage.MyFirstTestNGClass"/>
  <testcase name="enterFirstAndLastName" time="0.306" classname="MyPackage.MyFirstTestNGClass"/>
  <testcase name="enterFirstAndLastName" time="0.332" classname="MyPackage.MyFirstTestNGClass"/>
  <testcase name="enterFirstAndLastName" time="0.318" classname="MyPackage.MyFirstTestNGClass"/>
  <testcase name="enterLastName" time="0.0" classname="MyPackage.MyFirstTestNGClass">
    <ignored/>
  </testcase> <!-- enterLastName -->
  <testcase name="enterFirstName" time="0.0" classname="MyPackage.MyFirstTestNGClass">
    <ignored/>
  </testcase> <!-- enterFirstName -->
</testsuite> <!-- FirstNGClassFacebook -->
