<?xml version="1.0" encoding="UTF-8"?>
<!-- Generated by org.testng.reporters.JUnitXMLReporter -->
<testsuite hostname="cristi" ignored="0" name="IMDB Movie Test" tests="3" failures="0" timestamp="16 Feb 2019 14:13:46 GMT" time="24.027" errors="0">
  <testcase name="goToMoviesApp" time="15.094" classname="com.facebook.tests.TestNGFeatures"/>
  <testcase name="goToMoviesAndTickets" time="0.512" classname="com.facebook.tests.TestNGFeatures"/>
  <testcase name="letsGoToShowtime" time="5.592" classname="com.facebook.tests.TestNGFeatures"/>
</testsuite> <!-- IMDB Movie Test -->
