<?xml version="1.0" encoding="UTF-8"?>
<!-- Generated by org.testng.reporters.JUnitXMLReporter -->
<testsuite hostname="cristi" ignored="0" name="Default test" tests="3" failures="0" timestamp="20 Feb 2019 21:28:56 GMT" time="16.111" errors="0">
  <testcase name="goToMoviesApp" time="6.97" classname="MyPackage.TestNGFeatures"/>
  <testcase name="goToMoviesAndTickets" time="0.223" classname="MyPackage.TestNGFeatures"/>
  <testcase name="letsGoToShowtime" time="4.693" classname="MyPackage.TestNGFeatures"/>
</testsuite> <!-- Default test -->
